{
  "RSpec": {
    "coverage": {
      "/home/siedos/private_projects/realtime_search/config/environment.rb": {
        "lines": [
          null,
          1,
          null,
          null,
          1
        ]
      },
      "/home/siedos/private_projects/realtime_search/config/application.rb": {
        "lines": [
          1,
          null,
          1,
          null,
          null,
          null,
          1,
          null,
          1,
          1,
          null,
          1,
          null,
          null,
          null,
          null,
          1,
          null,
          null,
          null,
          null,
          null,
          null,
          null,
          null,
          null,
          null
        ]
      },
      "/home/siedos/private_projects/realtime_search/config/boot.rb": {
        "lines": [
          1,
          null,
          1,
          1
        ]
      },
      "/home/siedos/private_projects/realtime_search/config/environments/test.rb": {
        "lines": [
          null,
          null,
          null,
          null,
          null,
          1,
          null,
          null,
          null,
          1,
          null,
          null,
          null,
          null,
          null,
          1,
          null,
          null,
          1,
          null,
          null,
          1,
          1,
          null,
          null,
          1,
          null,
          null,
          1,
          null,
          null,
          1,
          null,
          null,
          null,
          null,
          1,
          null,
          null,
          1,
          null,
          null,
          1,
          null,
          null,
          null,
          null,
          null,
          null,
          null,
          null,
          1,
          null
        ]
      },
      "/home/siedos/private_projects/realtime_search/config/initializers/assets.rb": {
        "lines": [
          null,
          null,
          null,
          1,
          null,
          null,
          null
        ]
      },
      "/home/siedos/private_projects/realtime_search/config/initializers/content_security_policy.rb": {
        "lines": [
          null,
          null,
          null,
          null,
          null,
          null,
          null,
          null,
          null,
          null,
          null,
          null,
          null,
          null,
          null,
          null,
          null,
          null,
          null,
          null,
          null,
          null,
          null,
          null,
          null
        ]
      },
      "/home/siedos/private_projects/realtime_search/config/initializers/filter_parameter_logging.rb": {
        "lines": [
          null,
          null,
          null,
          null,
          null,
          1,
          null,
          null
        ]
      },
      "/home/siedos/private_projects/realtime_search/config/initializers/inflections.rb": {
        "lines": [
          null,
          null,
          null,
          null,
          null,
          null,
          null,
          null,
          null,
          null,
          null,
          null,
          null,
          null,
          null,
          null
        ]
      },
      "/home/siedos/private_projects/realtime_search/spec/factories/articles.rb": {
        "lines": [
          1,
          1,
          null,
          null,
          null
        ]
      },
      "/home/siedos/private_projects/realtime_search/spec/factories/searches.rb": {
        "lines": [
          1,
          1,
          6,
          1,
          null,
          null
        ]
      },
      "/home/siedos/private_projects/realtime_search/app/helpers/application_helper.rb": {
        "lines": [
          1,
          null
        ]
      },
      "/home/siedos/private_projects/realtime_search/app/helpers/searches_helper.rb": {
        "lines": [
          1,
          null
        ]
      },
      "/home/siedos/private_projects/realtime_search/spec/support/database_cleaner.rb": {
        "lines": [
          1,
          1,
          1,
          1,
          null,
          null,
          1,
          12,
          12,
          null,
          null,
          null
        ]
      },
      "/home/siedos/private_projects/realtime_search/spec/support/factory_bot.rb": {
        "lines": [
          1,
          1,
          null
        ]
      },
      "/home/siedos/private_projects/realtime_search/app/models/article.rb": {
        "lines": [
          1,
          null,
          1,
          2,
          null,
          null
        ]
      },
      "/home/siedos/private_projects/realtime_search/app/models/application_record.rb": {
        "lines": [
          1,
          1,
          null
        ]
      },
      "/home/siedos/private_projects/realtime_search/spec/models/search_spec.rb": {
        "lines": [
          1,
          null,
          1,
          1,
          1,
          1,
          1,
          null,
          null,
          1,
          1,
          1,
          1,
          null,
          null,
          1,
          1,
          1,
          1,
          null,
          null,
          1,
          1,
          1,
          1,
          null,
          null,
          null
        ]
      },
      "/home/siedos/private_projects/realtime_search/app/models/search.rb": {
        "lines": [
          1,
          null,
          1,
          null,
          1,
          3,
          null,
          null,
          null,
          null,
          null,
          null
        ]
      },
      "/home/siedos/private_projects/realtime_search/spec/requests/searches_spec.rb": {
        "lines": [
          1,
          null,
          1,
          1,
          1,
          1,
          1,
          null,
          null,
          null,
          1,
          1,
          1,
          1,
          1,
          null,
          1,
          5,
          5,
          5,
          null,
          5,
          0,
          0,
          null,
          null,
          1,
          0,
          0,
          null,
          null,
          null,
          1,
          0,
          null,
          0,
          null,
          null,
          1,
          0,
          null,
          0,
          null,
          null,
          1,
          0,
          null,
          0,
          null,
          null,
          1,
          0,
          null,
          0,
          null,
          null,
          null
        ]
      },
      "/home/siedos/private_projects/realtime_search/config/routes.rb": {
        "lines": [
          1,
          1,
          null,
          1,
          null,
          1,
          1,
          1,
          null,
          null,
          null,
          null
        ]
      },
      "/home/siedos/private_projects/realtime_search/app/controllers/searches_controller.rb": {
        "lines": [
          1,
          null,
          1,
          1,
          1,
          1,
          null,
          null,
          1,
          0,
          0,
          null,
          0,
          null,
          0,
          null,
          null,
          1,
          0,
          null,
          0,
          null,
          null,
          1,
          1,
          0,
          null,
          null,
          null
        ]
      },
      "/home/siedos/private_projects/realtime_search/app/controllers/application_controller.rb": {
        "lines": [
          1,
          null,
          1,
          null
        ]
      }
    },
    "timestamp": 1753457653
  }
}
